<?xml version="1.0" encoding="UTF-8"?>
<robot generator="Robot 5.0 (Python 3.9.5 on win32)" generated="20220408 00:46:41.341" rpa="false" schemaversion="3">
<suite id="s1" name="Shopping" source="C:\Users\DELL\Desktop\29\Assi_29\robotFramework\Tests\Sampleapp\FunctionalTestSuite\Shopping.robot">
<test id="s1-t1" name="Google test case" line="8">
<kw name="start test case" library="myKeywords">
<kw name="Open Browser" library="SeleniumLibrary">
<arg>${url}</arg>
<arg>chrome</arg>
<doc>Opens a new browser instance to the optional ``url``.</doc>
<msg timestamp="20220408 00:46:41.515" level="INFO">Opening browser 'chrome' to base url 'https://www.google.com/'.</msg>
<status status="PASS" starttime="20220408 00:46:41.515" endtime="20220408 00:46:44.726"/>
</kw>
<kw name="Maximize Browser Window" library="SeleniumLibrary">
<doc>Maximizes current browser window.</doc>
<status status="PASS" starttime="20220408 00:46:44.726" endtime="20220408 00:46:44.868"/>
</kw>
<status status="PASS" starttime="20220408 00:46:41.515" endtime="20220408 00:46:44.869"/>
</kw>
<kw name="search data" library="myKeywords">
<kw name="Input Text" library="SeleniumLibrary">
<arg>name:q</arg>
<arg>${search_parameter}</arg>
<doc>Types the given ``text`` into the text field identified by ``locator``.</doc>
<msg timestamp="20220408 00:46:44.869" level="INFO">Typing text 'flipkart' into text field 'name:q'.</msg>
<status status="PASS" starttime="20220408 00:46:44.869" endtime="20220408 00:46:45.011"/>
</kw>
<status status="PASS" starttime="20220408 00:46:44.869" endtime="20220408 00:46:45.011"/>
</kw>
<kw name="Submit Form" library="SeleniumLibrary">
<doc>Submits a form identified by ``locator``.</doc>
<msg timestamp="20220408 00:46:45.011" level="INFO">Submitting form 'None'.</msg>
<status status="PASS" starttime="20220408 00:46:45.011" endtime="20220408 00:46:47.549"/>
</kw>
<kw name="Click Element" library="SeleniumLibrary">
<arg>class:LC20lb</arg>
<doc>Click the element identified by ``locator``.</doc>
<msg timestamp="20220408 00:46:47.551" level="INFO">Clicking element 'class:LC20lb'.</msg>
<status status="PASS" starttime="20220408 00:46:47.550" endtime="20220408 00:46:49.556"/>
</kw>
<doc>it is simple google search test</doc>
<tag>google</tag>
<status status="PASS" starttime="20220408 00:46:41.515" endtime="20220408 00:46:49.557"/>
</test>
<test id="s1-t2" name="Flipkart product search" line="16">
<kw name="Sleep" library="BuiltIn">
<arg>2s</arg>
<doc>Pauses the test executed for the given time.</doc>
<msg timestamp="20220408 00:46:51.569" level="INFO">Slept 2 seconds</msg>
<status status="PASS" starttime="20220408 00:46:49.561" endtime="20220408 00:46:51.569"/>
</kw>
<kw name="Click Button" library="SeleniumLibrary">
<arg>class:_2KpZ6l</arg>
<doc>Clicks the button identified by ``locator``.</doc>
<msg timestamp="20220408 00:46:51.570" level="INFO">Clicking button 'class:_2KpZ6l'.</msg>
<status status="PASS" starttime="20220408 00:46:51.570" endtime="20220408 00:46:52.598"/>
</kw>
<kw name="flipkart search" library="myKeywords">
<kw name="Input Text" library="SeleniumLibrary">
<arg>name:q</arg>
<arg>iphone13</arg>
<doc>Types the given ``text`` into the text field identified by ``locator``.</doc>
<msg timestamp="20220408 00:46:52.600" level="INFO">Typing text 'iphone13' into text field 'name:q'.</msg>
<status status="PASS" starttime="20220408 00:46:52.599" endtime="20220408 00:46:52.764"/>
</kw>
<kw name="Click Button" library="SeleniumLibrary">
<arg>class:L0Z3Pu</arg>
<doc>Clicks the button identified by ``locator``.</doc>
<msg timestamp="20220408 00:46:52.765" level="INFO">Clicking button 'class:L0Z3Pu'.</msg>
<status status="PASS" starttime="20220408 00:46:52.764" endtime="20220408 00:46:52.876"/>
</kw>
<status status="PASS" starttime="20220408 00:46:52.599" endtime="20220408 00:46:52.876"/>
</kw>
<kw name="Sleep" library="BuiltIn">
<arg>5s</arg>
<doc>Pauses the test executed for the given time.</doc>
<msg timestamp="20220408 00:46:57.887" level="INFO">Slept 5 seconds</msg>
<status status="PASS" starttime="20220408 00:46:52.877" endtime="20220408 00:46:57.887"/>
</kw>
<doc>searching products on flipkart</doc>
<tag>flipkart</tag>
<status status="PASS" starttime="20220408 00:46:49.559" endtime="20220408 00:46:57.887"/>
</test>
<test id="s1-t3" name="Flipkart product selection" line="25">
<kw name="Click Element" library="SeleniumLibrary">
<arg>xpath=/html/body/div/div/div[3]/div[1]/div[2]/div[2]/div/div/div/a/div[2]/div[1]/div[1]</arg>
<doc>Click the element identified by ``locator``.</doc>
<msg timestamp="20220408 00:46:57.887" level="INFO">Clicking element 'xpath=/html/body/div/div/div[3]/div[1]/div[2]/div[2]/div/div/div/a/div[2]/div[1]/div[1]'.</msg>
<status status="PASS" starttime="20220408 00:46:57.887" endtime="20220408 00:46:58.018"/>
</kw>
<kw name="Sleep" library="BuiltIn">
<arg>2s</arg>
<doc>Pauses the test executed for the given time.</doc>
<msg timestamp="20220408 00:47:00.027" level="INFO">Slept 2 seconds</msg>
<status status="PASS" starttime="20220408 00:46:58.019" endtime="20220408 00:47:00.027"/>
</kw>
<doc>selecting product</doc>
<tag>flipkart</tag>
<status status="PASS" starttime="20220408 00:46:57.887" endtime="20220408 00:47:00.027"/>
</test>
<test id="s1-t4" name="Flipkart product buy" line="32">
<kw name="Switch Window" library="SeleniumLibrary">
<arg>title:APPLE iPhone 13 ( 128 GB GB Storage, 0 GB RAM ) Online at Best Price On Flipkart.com</arg>
<doc>Switches to browser window matching ``locator``.</doc>
<status status="PASS" starttime="20220408 00:47:00.033" endtime="20220408 00:47:00.339"/>
</kw>
<kw name="Click Button" library="SeleniumLibrary">
<arg>xpath=/html/body/div[1]/div/div[3]/div[1]/div[1]/div[2]/div/ul/li[2]/form/button</arg>
<doc>Clicks the button identified by ``locator``.</doc>
<msg timestamp="20220408 00:47:00.340" level="INFO">Clicking button 'xpath=/html/body/div[1]/div/div[3]/div[1]/div[1]/div[2]/div/ul/li[2]/form/button'.</msg>
<status status="PASS" starttime="20220408 00:47:00.339" endtime="20220408 00:47:00.461"/>
</kw>
<kw name="Sleep" library="BuiltIn">
<arg>2s</arg>
<doc>Pauses the test executed for the given time.</doc>
<msg timestamp="20220408 00:47:02.468" level="INFO">Slept 2 seconds</msg>
<status status="PASS" starttime="20220408 00:47:00.462" endtime="20220408 00:47:02.468"/>
</kw>
<doc>product purchase</doc>
<tag>flipkart</tag>
<status status="PASS" starttime="20220408 00:47:00.031" endtime="20220408 00:47:02.469"/>
</test>
<test id="s1-t5" name="Flipkart user login" line="39">
<kw name="Input Text" library="SeleniumLibrary">
<arg>class:_2IX_2-</arg>
<arg>test@gmail.com</arg>
<doc>Types the given ``text`` into the text field identified by ``locator``.</doc>
<msg timestamp="20220408 00:47:02.473" level="INFO">Typing text 'test@gmail.com' into text field 'class:_2IX_2-'.</msg>
<status status="PASS" starttime="20220408 00:47:02.472" endtime="20220408 00:47:02.652"/>
</kw>
<kw name="Click Button" library="SeleniumLibrary">
<arg>class:_2KpZ6l</arg>
<doc>Clicks the button identified by ``locator``.</doc>
<msg timestamp="20220408 00:47:02.653" level="INFO">Clicking button 'class:_2KpZ6l'.</msg>
<status status="PASS" starttime="20220408 00:47:02.653" endtime="20220408 00:47:02.754"/>
</kw>
<kw name="Sleep" library="BuiltIn">
<arg>5s</arg>
<doc>Pauses the test executed for the given time.</doc>
<msg timestamp="20220408 00:47:07.777" level="INFO">Slept 5 seconds</msg>
<status status="PASS" starttime="20220408 00:47:02.755" endtime="20220408 00:47:07.777"/>
</kw>
<kw name="stop test case" library="myKeywords">
<kw name="Close Browser" library="SeleniumLibrary">
<doc>Closes the current browser.</doc>
<status status="PASS" starttime="20220408 00:47:07.777" endtime="20220408 00:47:10.059"/>
</kw>
<status status="PASS" starttime="20220408 00:47:07.777" endtime="20220408 00:47:10.059"/>
</kw>
<doc>login</doc>
<tag>flipkart</tag>
<status status="PASS" starttime="20220408 00:47:02.471" endtime="20220408 00:47:10.059"/>
</test>
<status status="PASS" starttime="20220408 00:46:41.341" endtime="20220408 00:47:10.059"/>
</suite>
<statistics>
<total>
<stat pass="5" fail="0" skip="0">All Tests</stat>
</total>
<tag>
<stat pass="4" fail="0" skip="0">flipkart</stat>
<stat pass="1" fail="0" skip="0">google</stat>
</tag>
<suite>
<stat pass="5" fail="0" skip="0" id="s1" name="Shopping">Shopping</stat>
</suite>
</statistics>
<errors>
</errors>
</robot>
